2026-01-03 19:46:25,261:WARNING:
'cuml' is a soft dependency and not included in the pycaret installation. Please run: `pip install cuml` to install.
2026-01-03 19:46:25,261:WARNING:
'cuml' is a soft dependency and not included in the pycaret installation. Please run: `pip install cuml` to install.
2026-01-03 19:46:25,261:WARNING:
'cuml' is a soft dependency and not included in the pycaret installation. Please run: `pip install cuml` to install.
2026-01-03 19:46:25,261:WARNING:
'cuml' is a soft dependency and not included in the pycaret installation. Please run: `pip install cuml` to install.
2026-01-03 19:47:10,640:INFO:PyCaret RegressionExperiment
2026-01-03 19:47:10,640:INFO:Logging name: reg-default-name
2026-01-03 19:47:10,640:INFO:ML Usecase: MLUsecase.REGRESSION
2026-01-03 19:47:10,640:INFO:version 3.3.2
2026-01-03 19:47:10,640:INFO:Initializing setup()
2026-01-03 19:47:10,640:INFO:self.USI: f4e9
2026-01-03 19:47:10,640:INFO:self._variable_keys: {'fold_shuffle_param', 'exp_id', 'transform_target_param', 'X_test', 'y', 'pipeline', 'memory', 'data', 'y_test', 'fold_groups_param', 'idx', 'fold_generator', 'log_plots_param', 'n_jobs_param', 'exp_name_log', 'gpu_n_jobs_param', 'seed', 'USI', 'X', 'gpu_param', 'target_param', 'X_train', 'logging_param', 'html_param', '_ml_usecase', 'y_train', '_available_plots'}
2026-01-03 19:47:10,640:INFO:Checking environment
2026-01-03 19:47:10,640:INFO:python_version: 3.11.14
2026-01-03 19:47:10,640:INFO:python_build: ('main', 'Oct 22 2025 22:46:25')
2026-01-03 19:47:10,640:INFO:machine: x86_64
2026-01-03 19:47:10,641:INFO:platform: Linux-6.14.0-37-generic-x86_64-with-glibc2.39
2026-01-03 19:47:10,641:INFO:Memory: svmem(total=33325682688, available=24156078080, percent=27.5, used=9169604608, free=13582192640, active=9077501952, inactive=8263016448, buffers=767860736, cached=11279974400, shared=993161216, slab=1285472256)
2026-01-03 19:47:10,643:INFO:Physical Core: 10
2026-01-03 19:47:10,643:INFO:Logical Core: 12
2026-01-03 19:47:10,643:INFO:Checking libraries
2026-01-03 19:47:10,643:INFO:System:
2026-01-03 19:47:10,643:INFO:    python: 3.11.14 | packaged by conda-forge | (main, Oct 22 2025, 22:46:25) [GCC 14.3.0]
2026-01-03 19:47:10,643:INFO:executable: /home/grzesiek/miniconda3/envs/halfmarathon/bin/python
2026-01-03 19:47:10,643:INFO:   machine: Linux-6.14.0-37-generic-x86_64-with-glibc2.39
2026-01-03 19:47:10,643:INFO:PyCaret required dependencies:
2026-01-03 19:47:10,644:WARNING:/home/grzesiek/miniconda3/envs/halfmarathon/lib/python3.11/site-packages/_distutils_hack/__init__.py:30: UserWarning: Setuptools is replacing distutils. Support for replacing an already imported distutils is deprecated. In the future, this condition will fail. Register concerns at https://github.com/pypa/setuptools/issues/new?template=distutils-deprecation.yml
  warnings.warn(

2026-01-03 19:47:10,647:INFO:                 pip: 25.3
2026-01-03 19:47:10,647:INFO:          setuptools: 80.9.0
2026-01-03 19:47:10,647:INFO:             pycaret: 3.3.2
2026-01-03 19:47:10,647:INFO:             IPython: 9.8.0
2026-01-03 19:47:10,647:INFO:          ipywidgets: 8.1.8
2026-01-03 19:47:10,647:INFO:                tqdm: 4.67.1
2026-01-03 19:47:10,647:INFO:               numpy: 1.26.4
2026-01-03 19:47:10,647:INFO:              pandas: 2.1.4
2026-01-03 19:47:10,647:INFO:              jinja2: 3.1.6
2026-01-03 19:47:10,647:INFO:               scipy: 1.11.4
2026-01-03 19:47:10,647:INFO:              joblib: 1.3.2
2026-01-03 19:47:10,647:INFO:             sklearn: 1.4.2
2026-01-03 19:47:10,647:INFO:                pyod: 2.0.6
2026-01-03 19:47:10,647:INFO:            imblearn: 0.14.1
2026-01-03 19:47:10,647:INFO:   category_encoders: 2.7.0
2026-01-03 19:47:10,647:INFO:            lightgbm: 4.6.0
2026-01-03 19:47:10,647:INFO:               numba: 0.63.1
2026-01-03 19:47:10,648:INFO:            requests: 2.32.5
2026-01-03 19:47:10,648:INFO:          matplotlib: 3.7.5
2026-01-03 19:47:10,648:INFO:          scikitplot: 0.3.7
2026-01-03 19:47:10,648:INFO:         yellowbrick: 1.5
2026-01-03 19:47:10,648:INFO:              plotly: 6.5.0
2026-01-03 19:47:10,648:INFO:    plotly-resampler: Not installed
2026-01-03 19:47:10,648:INFO:             kaleido: 1.2.0
2026-01-03 19:47:10,648:INFO:           schemdraw: 0.15
2026-01-03 19:47:10,648:INFO:         statsmodels: 0.14.6
2026-01-03 19:47:10,648:INFO:              sktime: 0.26.0
2026-01-03 19:47:10,648:INFO:               tbats: 1.1.3
2026-01-03 19:47:10,648:INFO:            pmdarima: 2.0.4
2026-01-03 19:47:10,648:INFO:              psutil: 7.2.1
2026-01-03 19:47:10,648:INFO:          markupsafe: 3.0.3
2026-01-03 19:47:10,648:INFO:             pickle5: Not installed
2026-01-03 19:47:10,648:INFO:         cloudpickle: 3.1.2
2026-01-03 19:47:10,648:INFO:         deprecation: 2.1.0
2026-01-03 19:47:10,648:INFO:              xxhash: 3.6.0
2026-01-03 19:47:10,648:INFO:           wurlitzer: 3.1.1
2026-01-03 19:47:10,648:INFO:PyCaret optional dependencies:
2026-01-03 19:47:10,874:INFO:                shap: Not installed
2026-01-03 19:47:10,874:INFO:           interpret: Not installed
2026-01-03 19:47:10,874:INFO:                umap: 0.5.9.post2
2026-01-03 19:47:10,874:INFO:     ydata_profiling: Not installed
2026-01-03 19:47:10,874:INFO:  explainerdashboard: Not installed
2026-01-03 19:47:10,874:INFO:             autoviz: Not installed
2026-01-03 19:47:10,874:INFO:           fairlearn: Not installed
2026-01-03 19:47:10,874:INFO:          deepchecks: Not installed
2026-01-03 19:47:10,874:INFO:             xgboost: 3.1.2
2026-01-03 19:47:10,874:INFO:            catboost: 1.2.8
2026-01-03 19:47:10,874:INFO:              kmodes: 0.12.2
2026-01-03 19:47:10,874:INFO:             mlxtend: 0.24.0
2026-01-03 19:47:10,874:INFO:       statsforecast: Not installed
2026-01-03 19:47:10,874:INFO:        tune_sklearn: Not installed
2026-01-03 19:47:10,874:INFO:                 ray: Not installed
2026-01-03 19:47:10,874:INFO:            hyperopt: Not installed
2026-01-03 19:47:10,874:INFO:              optuna: Not installed
2026-01-03 19:47:10,874:INFO:               skopt: Not installed
2026-01-03 19:47:10,874:INFO:              mlflow: 3.8.1
2026-01-03 19:47:10,874:INFO:              gradio: Not installed
2026-01-03 19:47:10,874:INFO:             fastapi: 0.128.0
2026-01-03 19:47:10,874:INFO:             uvicorn: 0.40.0
2026-01-03 19:47:10,874:INFO:              m2cgen: Not installed
2026-01-03 19:47:10,874:INFO:           evidently: Not installed
2026-01-03 19:47:10,874:INFO:               fugue: Not installed
2026-01-03 19:47:10,874:INFO:           streamlit: 1.52.2
2026-01-03 19:47:10,874:INFO:             prophet: Not installed
2026-01-03 19:47:10,874:INFO:None
2026-01-03 19:47:10,874:INFO:Set up data.
2026-01-03 19:47:10,889:INFO:Set up folding strategy.
2026-01-03 19:47:10,889:INFO:Set up train/test split.
2026-01-03 19:47:10,898:INFO:Set up index.
2026-01-03 19:47:10,899:INFO:Assigning column types.
2026-01-03 19:47:10,900:INFO:Engine successfully changes for model 'lr' to 'sklearn'.
2026-01-03 19:47:10,900:INFO:Engine for model 'lasso' has not been set explicitly, hence returning None.
2026-01-03 19:47:10,903:INFO:Engine for model 'ridge' has not been set explicitly, hence returning None.
2026-01-03 19:47:10,904:INFO:Engine for model 'en' has not been set explicitly, hence returning None.
2026-01-03 19:47:10,931:INFO:Engine for model 'svm' has not been set explicitly, hence returning None.
2026-01-03 19:47:10,950:INFO:Engine for model 'knn' has not been set explicitly, hence returning None.
2026-01-03 19:47:10,950:INFO:Soft dependency imported: xgboost: 3.1.2
2026-01-03 19:47:10,991:INFO:Soft dependency imported: catboost: 1.2.8
2026-01-03 19:47:11,008:INFO:Engine for model 'lasso' has not been set explicitly, hence returning None.
2026-01-03 19:47:11,010:INFO:Engine for model 'ridge' has not been set explicitly, hence returning None.
2026-01-03 19:47:11,012:INFO:Engine for model 'en' has not been set explicitly, hence returning None.
2026-01-03 19:47:11,040:INFO:Engine for model 'svm' has not been set explicitly, hence returning None.
2026-01-03 19:47:11,058:INFO:Engine for model 'knn' has not been set explicitly, hence returning None.
2026-01-03 19:47:11,058:INFO:Soft dependency imported: xgboost: 3.1.2
2026-01-03 19:47:11,059:INFO:Soft dependency imported: catboost: 1.2.8
2026-01-03 19:47:11,060:INFO:Engine successfully changes for model 'lasso' to 'sklearn'.
2026-01-03 19:47:11,061:INFO:Engine for model 'ridge' has not been set explicitly, hence returning None.
2026-01-03 19:47:11,063:INFO:Engine for model 'en' has not been set explicitly, hence returning None.
2026-01-03 19:47:11,089:INFO:Engine for model 'svm' has not been set explicitly, hence returning None.
2026-01-03 19:47:11,108:INFO:Engine for model 'knn' has not been set explicitly, hence returning None.
2026-01-03 19:47:11,108:INFO:Soft dependency imported: xgboost: 3.1.2
2026-01-03 19:47:11,109:INFO:Soft dependency imported: catboost: 1.2.8
2026-01-03 19:47:11,111:INFO:Engine for model 'ridge' has not been set explicitly, hence returning None.
2026-01-03 19:47:11,113:INFO:Engine for model 'en' has not been set explicitly, hence returning None.
2026-01-03 19:47:11,139:INFO:Engine for model 'svm' has not been set explicitly, hence returning None.
2026-01-03 19:47:11,158:INFO:Engine for model 'knn' has not been set explicitly, hence returning None.
2026-01-03 19:47:11,159:INFO:Soft dependency imported: xgboost: 3.1.2
2026-01-03 19:47:11,160:INFO:Soft dependency imported: catboost: 1.2.8
2026-01-03 19:47:11,160:INFO:Engine successfully changes for model 'ridge' to 'sklearn'.
2026-01-03 19:47:11,164:INFO:Engine for model 'en' has not been set explicitly, hence returning None.
2026-01-03 19:47:11,189:INFO:Engine for model 'svm' has not been set explicitly, hence returning None.
2026-01-03 19:47:11,210:INFO:Engine for model 'knn' has not been set explicitly, hence returning None.
2026-01-03 19:47:11,210:INFO:Soft dependency imported: xgboost: 3.1.2
2026-01-03 19:47:11,211:INFO:Soft dependency imported: catboost: 1.2.8
2026-01-03 19:47:11,215:INFO:Engine for model 'en' has not been set explicitly, hence returning None.
2026-01-03 19:47:11,241:INFO:Engine for model 'svm' has not been set explicitly, hence returning None.
2026-01-03 19:47:11,261:INFO:Engine for model 'knn' has not been set explicitly, hence returning None.
2026-01-03 19:47:11,261:INFO:Soft dependency imported: xgboost: 3.1.2
2026-01-03 19:47:11,262:INFO:Soft dependency imported: catboost: 1.2.8
2026-01-03 19:47:11,263:INFO:Engine successfully changes for model 'en' to 'sklearn'.
2026-01-03 19:47:11,293:INFO:Engine for model 'svm' has not been set explicitly, hence returning None.
2026-01-03 19:47:11,312:INFO:Engine for model 'knn' has not been set explicitly, hence returning None.
2026-01-03 19:47:11,312:INFO:Soft dependency imported: xgboost: 3.1.2
2026-01-03 19:47:11,314:INFO:Soft dependency imported: catboost: 1.2.8
2026-01-03 19:47:11,343:INFO:Engine for model 'svm' has not been set explicitly, hence returning None.
2026-01-03 19:47:11,363:INFO:Engine for model 'knn' has not been set explicitly, hence returning None.
2026-01-03 19:47:11,363:INFO:Soft dependency imported: xgboost: 3.1.2
2026-01-03 19:47:11,365:INFO:Soft dependency imported: catboost: 1.2.8
2026-01-03 19:47:11,365:INFO:Engine successfully changes for model 'knn' to 'sklearn'.
2026-01-03 19:47:11,394:INFO:Engine for model 'svm' has not been set explicitly, hence returning None.
2026-01-03 19:47:11,414:INFO:Soft dependency imported: xgboost: 3.1.2
2026-01-03 19:47:11,415:INFO:Soft dependency imported: catboost: 1.2.8
2026-01-03 19:47:11,445:INFO:Engine for model 'svm' has not been set explicitly, hence returning None.
2026-01-03 19:47:11,465:INFO:Soft dependency imported: xgboost: 3.1.2
2026-01-03 19:47:11,466:INFO:Soft dependency imported: catboost: 1.2.8
2026-01-03 19:47:11,466:INFO:Engine successfully changes for model 'svm' to 'sklearn'.
2026-01-03 19:47:11,515:INFO:Soft dependency imported: xgboost: 3.1.2
2026-01-03 19:47:11,517:INFO:Soft dependency imported: catboost: 1.2.8
2026-01-03 19:47:11,566:INFO:Soft dependency imported: xgboost: 3.1.2
2026-01-03 19:47:11,567:INFO:Soft dependency imported: catboost: 1.2.8
2026-01-03 19:47:11,568:INFO:Preparing preprocessing pipeline...
2026-01-03 19:47:11,568:INFO:Set up simple imputation.
2026-01-03 19:47:11,572:INFO:Set up encoding of ordinal features.
2026-01-03 19:47:11,573:INFO:Set up encoding of categorical features.
2026-01-03 19:47:11,573:INFO:Set up feature normalization.
2026-01-03 19:47:11,600:INFO:Finished creating preprocessing pipeline.
2026-01-03 19:47:11,610:INFO:Pipeline: Pipeline(memory=FastMemory(location=/tmp/joblib),
         steps=[('numerical_imputer',
                 TransformerWrapper(include=['age', 'time_5km_s'],
                                    transformer=SimpleImputer())),
                ('categorical_imputer',
                 TransformerWrapper(include=['sex'],
                                    transformer=SimpleImputer(strategy='most_frequent'))),
                ('ordinal_encoding',
                 TransformerWrapper(include=['sex'],
                                    transformer=OrdinalEncoder(cols=['sex'],
                                                               handle_missing='return_nan',
                                                               mapping=[{'col': 'sex',
                                                                         'data_type': dtype('O'),
                                                                         'mapping': K      0
M      1
NaN   -1
dtype: int64}]))),
                ('normalize',
                 TransformerWrapper(transformer=StandardScaler()))])
2026-01-03 19:47:11,610:INFO:Creating final display dataframe.
2026-01-03 19:47:11,677:INFO:Setup _display_container:                     Description             Value
0                    Session id               123
1                        Target       time_half_s
2                   Target type        Regression
3           Original data shape        (17730, 4)
4        Transformed data shape        (17730, 4)
5   Transformed train set shape        (12411, 4)
6    Transformed test set shape         (5319, 4)
7              Numeric features                 2
8          Categorical features                 1
9                    Preprocess              True
10              Imputation type            simple
11           Numeric imputation              mean
12       Categorical imputation              mode
13     Maximum one-hot encoding                25
14              Encoding method              None
15                    Normalize              True
16             Normalize method            zscore
17               Fold Generator             KFold
18                  Fold Number                 5
19                     CPU Jobs                -1
20                      Use GPU             False
21               Log Experiment             False
22              Experiment Name  reg-default-name
23                          USI              f4e9
2026-01-03 19:47:11,728:INFO:Soft dependency imported: xgboost: 3.1.2
2026-01-03 19:47:11,729:INFO:Soft dependency imported: catboost: 1.2.8
2026-01-03 19:47:11,779:INFO:Soft dependency imported: xgboost: 3.1.2
2026-01-03 19:47:11,780:INFO:Soft dependency imported: catboost: 1.2.8
2026-01-03 19:47:11,780:INFO:setup() successfully completed in 1.14s...............
2026-01-03 19:47:11,780:INFO:Initializing compare_models()
2026-01-03 19:47:11,780:INFO:compare_models(self=<pycaret.regression.oop.RegressionExperiment object at 0x7bb288ed9f10>, include=None, exclude=None, fold=None, round=4, cross_validation=True, sort=MAE, n_select=3, budget_time=None, turbo=True, errors=ignore, fit_kwargs=None, groups=None, experiment_custom_tags=None, probability_threshold=None, verbose=True, parallel=None, caller_params={'self': <pycaret.regression.oop.RegressionExperiment object at 0x7bb288ed9f10>, 'include': None, 'exclude': None, 'fold': None, 'round': 4, 'cross_validation': True, 'sort': 'MAE', 'n_select': 3, 'budget_time': None, 'turbo': True, 'errors': 'ignore', 'fit_kwargs': None, 'groups': None, 'experiment_custom_tags': None, 'engine': None, 'verbose': True, 'parallel': None, '__class__': <class 'pycaret.regression.oop.RegressionExperiment'>})
2026-01-03 19:47:11,780:INFO:Checking exceptions
2026-01-03 19:47:11,782:INFO:Preparing display monitor
2026-01-03 19:47:11,798:INFO:Initializing Linear Regression
2026-01-03 19:47:11,798:INFO:Total runtime is 1.7722447713216146e-06 minutes
2026-01-03 19:47:11,801:INFO:SubProcess create_model() called ==================================
2026-01-03 19:47:11,801:INFO:Initializing create_model()
2026-01-03 19:47:11,802:INFO:create_model(self=<pycaret.regression.oop.RegressionExperiment object at 0x7bb288ed9f10>, estimator=lr, fold=KFold(n_splits=5, random_state=None, shuffle=False), round=4, cross_validation=True, predict=True, fit_kwargs={}, groups=None, refit=False, probability_threshold=None, experiment_custom_tags=None, verbose=False, system=False, add_to_model_list=True, metrics=None, display=<pycaret.internal.display.display.CommonDisplay object at 0x7bb26baac6d0>, model_only=True, return_train_score=False, error_score=0.0, kwargs={})
2026-01-03 19:47:11,802:INFO:Checking exceptions
2026-01-03 19:47:11,802:INFO:Importing libraries
2026-01-03 19:47:11,802:INFO:Copying training dataset
2026-01-03 19:47:11,805:INFO:Defining folds
2026-01-03 19:47:11,805:INFO:Declaring metric variables
2026-01-03 19:47:11,807:INFO:Importing untrained model
2026-01-03 19:47:11,809:INFO:Linear Regression Imported successfully
2026-01-03 19:47:11,816:INFO:Starting cross validation
2026-01-03 19:47:11,827:INFO:Cross validating with KFold(n_splits=5, random_state=None, shuffle=False), n_jobs=-1
2026-01-03 19:47:13,064:WARNING:/home/grzesiek/miniconda3/envs/halfmarathon/lib/python3.11/site-packages/_distutils_hack/__init__.py:30: UserWarning: Setuptools is replacing distutils. Support for replacing an already imported distutils is deprecated. In the future, this condition will fail. Register concerns at https://github.com/pypa/setuptools/issues/new?template=distutils-deprecation.yml
  warnings.warn(

2026-01-03 19:47:13,144:WARNING:/home/grzesiek/miniconda3/envs/halfmarathon/lib/python3.11/site-packages/_distutils_hack/__init__.py:30: UserWarning: Setuptools is replacing distutils. Support for replacing an already imported distutils is deprecated. In the future, this condition will fail. Register concerns at https://github.com/pypa/setuptools/issues/new?template=distutils-deprecation.yml
  warnings.warn(

2026-01-03 19:47:13,320:WARNING:/home/grzesiek/miniconda3/envs/halfmarathon/lib/python3.11/site-packages/_distutils_hack/__init__.py:30: UserWarning: Setuptools is replacing distutils. Support for replacing an already imported distutils is deprecated. In the future, this condition will fail. Register concerns at https://github.com/pypa/setuptools/issues/new?template=distutils-deprecation.yml
  warnings.warn(

2026-01-03 19:47:13,337:WARNING:/home/grzesiek/miniconda3/envs/halfmarathon/lib/python3.11/site-packages/_distutils_hack/__init__.py:30: UserWarning: Setuptools is replacing distutils. Support for replacing an already imported distutils is deprecated. In the future, this condition will fail. Register concerns at https://github.com/pypa/setuptools/issues/new?template=distutils-deprecation.yml
  warnings.warn(

2026-01-03 19:47:13,373:WARNING:/home/grzesiek/miniconda3/envs/halfmarathon/lib/python3.11/site-packages/_distutils_hack/__init__.py:30: UserWarning: Setuptools is replacing distutils. Support for replacing an already imported distutils is deprecated. In the future, this condition will fail. Register concerns at https://github.com/pypa/setuptools/issues/new?template=distutils-deprecation.yml
  warnings.warn(

2026-01-03 19:47:13,416:INFO:Calculating mean and std
2026-01-03 19:47:13,418:INFO:Creating metrics dataframe
2026-01-03 19:47:13,421:INFO:Uploading results into container
2026-01-03 19:47:13,422:INFO:Uploading model into container now
2026-01-03 19:47:13,422:INFO:_master_model_container: 1
2026-01-03 19:47:13,422:INFO:_display_container: 2
2026-01-03 19:47:13,422:INFO:LinearRegression(n_jobs=-1)
2026-01-03 19:47:13,422:INFO:create_model() successfully completed......................................
2026-01-03 19:47:13,521:INFO:SubProcess create_model() end ==================================
2026-01-03 19:47:13,521:INFO:Creating metrics dataframe
2026-01-03 19:47:13,526:INFO:Initializing Lasso Regression
2026-01-03 19:47:13,526:INFO:Total runtime is 0.02879974842071533 minutes
2026-01-03 19:47:13,532:INFO:SubProcess create_model() called ==================================
2026-01-03 19:47:13,533:INFO:Initializing create_model()
2026-01-03 19:47:13,533:INFO:create_model(self=<pycaret.regression.oop.RegressionExperiment object at 0x7bb288ed9f10>, estimator=lasso, fold=KFold(n_splits=5, random_state=None, shuffle=False), round=4, cross_validation=True, predict=True, fit_kwargs={}, groups=None, refit=False, probability_threshold=None, experiment_custom_tags=None, verbose=False, system=False, add_to_model_list=True, metrics=None, display=<pycaret.internal.display.display.CommonDisplay object at 0x7bb26baac6d0>, model_only=True, return_train_score=False, error_score=0.0, kwargs={})
2026-01-03 19:47:13,533:INFO:Checking exceptions
2026-01-03 19:47:13,533:INFO:Importing libraries
2026-01-03 19:47:13,533:INFO:Copying training dataset
2026-01-03 19:47:13,538:INFO:Defining folds
2026-01-03 19:47:13,538:INFO:Declaring metric variables
2026-01-03 19:47:13,542:INFO:Importing untrained model
2026-01-03 19:47:13,547:INFO:Lasso Regression Imported successfully
2026-01-03 19:47:13,566:INFO:Starting cross validation
2026-01-03 19:47:13,568:INFO:Cross validating with KFold(n_splits=5, random_state=None, shuffle=False), n_jobs=-1
2026-01-03 19:47:14,489:WARNING:/home/grzesiek/miniconda3/envs/halfmarathon/lib/python3.11/site-packages/_distutils_hack/__init__.py:30: UserWarning: Setuptools is replacing distutils. Support for replacing an already imported distutils is deprecated. In the future, this condition will fail. Register concerns at https://github.com/pypa/setuptools/issues/new?template=distutils-deprecation.yml
  warnings.warn(

2026-01-03 19:47:14,614:WARNING:/home/grzesiek/miniconda3/envs/halfmarathon/lib/python3.11/site-packages/_distutils_hack/__init__.py:30: UserWarning: Setuptools is replacing distutils. Support for replacing an already imported distutils is deprecated. In the future, this condition will fail. Register concerns at https://github.com/pypa/setuptools/issues/new?template=distutils-deprecation.yml
  warnings.warn(

2026-01-03 19:47:14,763:WARNING:/home/grzesiek/miniconda3/envs/halfmarathon/lib/python3.11/site-packages/_distutils_hack/__init__.py:30: UserWarning: Setuptools is replacing distutils. Support for replacing an already imported distutils is deprecated. In the future, this condition will fail. Register concerns at https://github.com/pypa/setuptools/issues/new?template=distutils-deprecation.yml
  warnings.warn(

2026-01-03 19:47:14,799:WARNING:/home/grzesiek/miniconda3/envs/halfmarathon/lib/python3.11/site-packages/_distutils_hack/__init__.py:30: UserWarning: Setuptools is replacing distutils. Support for replacing an already imported distutils is deprecated. In the future, this condition will fail. Register concerns at https://github.com/pypa/setuptools/issues/new?template=distutils-deprecation.yml
  warnings.warn(

2026-01-03 19:47:14,931:WARNING:/home/grzesiek/miniconda3/envs/halfmarathon/lib/python3.11/site-packages/_distutils_hack/__init__.py:30: UserWarning: Setuptools is replacing distutils. Support for replacing an already imported distutils is deprecated. In the future, this condition will fail. Register concerns at https://github.com/pypa/setuptools/issues/new?template=distutils-deprecation.yml
  warnings.warn(

2026-01-03 19:47:14,968:INFO:Calculating mean and std
2026-01-03 19:47:14,969:INFO:Creating metrics dataframe
2026-01-03 19:47:14,971:INFO:Uploading results into container
2026-01-03 19:47:14,971:INFO:Uploading model into container now
2026-01-03 19:47:14,972:INFO:_master_model_container: 2
2026-01-03 19:47:14,972:INFO:_display_container: 2
2026-01-03 19:47:14,972:INFO:Lasso(random_state=123)
2026-01-03 19:47:14,972:INFO:create_model() successfully completed......................................
2026-01-03 19:47:15,056:INFO:SubProcess create_model() end ==================================
2026-01-03 19:47:15,056:INFO:Creating metrics dataframe
2026-01-03 19:47:15,063:INFO:Initializing Ridge Regression
2026-01-03 19:47:15,063:INFO:Total runtime is 0.0544182022412618 minutes
2026-01-03 19:47:15,066:INFO:SubProcess create_model() called ==================================
2026-01-03 19:47:15,067:INFO:Initializing create_model()
2026-01-03 19:47:15,067:INFO:create_model(self=<pycaret.regression.oop.RegressionExperiment object at 0x7bb288ed9f10>, estimator=ridge, fold=KFold(n_splits=5, random_state=None, shuffle=False), round=4, cross_validation=True, predict=True, fit_kwargs={}, groups=None, refit=False, probability_threshold=None, experiment_custom_tags=None, verbose=False, system=False, add_to_model_list=True, metrics=None, display=<pycaret.internal.display.display.CommonDisplay object at 0x7bb26baac6d0>, model_only=True, return_train_score=False, error_score=0.0, kwargs={})
2026-01-03 19:47:15,067:INFO:Checking exceptions
2026-01-03 19:47:15,067:INFO:Importing libraries
2026-01-03 19:47:15,067:INFO:Copying training dataset
2026-01-03 19:47:15,070:INFO:Defining folds
2026-01-03 19:47:15,070:INFO:Declaring metric variables
2026-01-03 19:47:15,073:INFO:Importing untrained model
2026-01-03 19:47:15,076:INFO:Ridge Regression Imported successfully
2026-01-03 19:47:15,080:INFO:Starting cross validation
2026-01-03 19:47:15,081:INFO:Cross validating with KFold(n_splits=5, random_state=None, shuffle=False), n_jobs=-1
2026-01-03 19:47:15,980:WARNING:/home/grzesiek/miniconda3/envs/halfmarathon/lib/python3.11/site-packages/_distutils_hack/__init__.py:30: UserWarning: Setuptools is replacing distutils. Support for replacing an already imported distutils is deprecated. In the future, this condition will fail. Register concerns at https://github.com/pypa/setuptools/issues/new?template=distutils-deprecation.yml
  warnings.warn(

2026-01-03 19:47:15,988:WARNING:/home/grzesiek/miniconda3/envs/halfmarathon/lib/python3.11/site-packages/_distutils_hack/__init__.py:30: UserWarning: Setuptools is replacing distutils. Support for replacing an already imported distutils is deprecated. In the future, this condition will fail. Register concerns at https://github.com/pypa/setuptools/issues/new?template=distutils-deprecation.yml
  warnings.warn(

2026-01-03 19:47:16,041:INFO:Calculating mean and std
2026-01-03 19:47:16,041:INFO:Creating metrics dataframe
2026-01-03 19:47:16,043:INFO:Uploading results into container
2026-01-03 19:47:16,043:INFO:Uploading model into container now
2026-01-03 19:47:16,043:INFO:_master_model_container: 3
2026-01-03 19:47:16,043:INFO:_display_container: 2
2026-01-03 19:47:16,044:INFO:Ridge(random_state=123)
2026-01-03 19:47:16,044:INFO:create_model() successfully completed......................................
2026-01-03 19:47:16,115:INFO:SubProcess create_model() end ==================================
2026-01-03 19:47:16,115:INFO:Creating metrics dataframe
2026-01-03 19:47:16,121:INFO:Initializing Elastic Net
2026-01-03 19:47:16,121:INFO:Total runtime is 0.07205003102620443 minutes
2026-01-03 19:47:16,125:INFO:SubProcess create_model() called ==================================
2026-01-03 19:47:16,125:INFO:Initializing create_model()
2026-01-03 19:47:16,125:INFO:create_model(self=<pycaret.regression.oop.RegressionExperiment object at 0x7bb288ed9f10>, estimator=en, fold=KFold(n_splits=5, random_state=None, shuffle=False), round=4, cross_validation=True, predict=True, fit_kwargs={}, groups=None, refit=False, probability_threshold=None, experiment_custom_tags=None, verbose=False, system=False, add_to_model_list=True, metrics=None, display=<pycaret.internal.display.display.CommonDisplay object at 0x7bb26baac6d0>, model_only=True, return_train_score=False, error_score=0.0, kwargs={})
2026-01-03 19:47:16,125:INFO:Checking exceptions
2026-01-03 19:47:16,125:INFO:Importing libraries
2026-01-03 19:47:16,125:INFO:Copying training dataset
2026-01-03 19:47:16,132:INFO:Defining folds
2026-01-03 19:47:16,132:INFO:Declaring metric variables
2026-01-03 19:47:16,139:INFO:Importing untrained model
2026-01-03 19:47:16,148:INFO:Elastic Net Imported successfully
2026-01-03 19:47:16,169:INFO:Starting cross validation
2026-01-03 19:47:16,170:INFO:Cross validating with KFold(n_splits=5, random_state=None, shuffle=False), n_jobs=-1
2026-01-03 19:47:16,266:INFO:Calculating mean and std
2026-01-03 19:47:16,266:INFO:Creating metrics dataframe
2026-01-03 19:47:16,268:INFO:Uploading results into container
2026-01-03 19:47:16,269:INFO:Uploading model into container now
2026-01-03 19:47:16,269:INFO:_master_model_container: 4
2026-01-03 19:47:16,269:INFO:_display_container: 2
2026-01-03 19:47:16,270:INFO:ElasticNet(random_state=123)
2026-01-03 19:47:16,270:INFO:create_model() successfully completed......................................
2026-01-03 19:47:16,363:INFO:SubProcess create_model() end ==================================
2026-01-03 19:47:16,364:INFO:Creating metrics dataframe
2026-01-03 19:47:16,370:INFO:Initializing Least Angle Regression
2026-01-03 19:47:16,370:INFO:Total runtime is 0.07619536717732747 minutes
2026-01-03 19:47:16,374:INFO:SubProcess create_model() called ==================================
2026-01-03 19:47:16,374:INFO:Initializing create_model()
2026-01-03 19:47:16,375:INFO:create_model(self=<pycaret.regression.oop.RegressionExperiment object at 0x7bb288ed9f10>, estimator=lar, fold=KFold(n_splits=5, random_state=None, shuffle=False), round=4, cross_validation=True, predict=True, fit_kwargs={}, groups=None, refit=False, probability_threshold=None, experiment_custom_tags=None, verbose=False, system=False, add_to_model_list=True, metrics=None, display=<pycaret.internal.display.display.CommonDisplay object at 0x7bb26baac6d0>, model_only=True, return_train_score=False, error_score=0.0, kwargs={})
2026-01-03 19:47:16,375:INFO:Checking exceptions
2026-01-03 19:47:16,375:INFO:Importing libraries
2026-01-03 19:47:16,375:INFO:Copying training dataset
2026-01-03 19:47:16,379:INFO:Defining folds
2026-01-03 19:47:16,379:INFO:Declaring metric variables
2026-01-03 19:47:16,385:INFO:Importing untrained model
2026-01-03 19:47:16,391:INFO:Least Angle Regression Imported successfully
2026-01-03 19:47:16,410:INFO:Starting cross validation
2026-01-03 19:47:16,411:INFO:Cross validating with KFold(n_splits=5, random_state=None, shuffle=False), n_jobs=-1
2026-01-03 19:47:16,534:INFO:Calculating mean and std
2026-01-03 19:47:16,535:INFO:Creating metrics dataframe
2026-01-03 19:47:16,536:INFO:Uploading results into container
2026-01-03 19:47:16,536:INFO:Uploading model into container now
2026-01-03 19:47:16,537:INFO:_master_model_container: 5
2026-01-03 19:47:16,537:INFO:_display_container: 2
2026-01-03 19:47:16,537:INFO:Lars(random_state=123)
2026-01-03 19:47:16,537:INFO:create_model() successfully completed......................................
2026-01-03 19:47:16,648:INFO:SubProcess create_model() end ==================================
2026-01-03 19:47:16,648:INFO:Creating metrics dataframe
2026-01-03 19:47:16,664:INFO:Initializing Lasso Least Angle Regression
2026-01-03 19:47:16,665:INFO:Total runtime is 0.08110520044962564 minutes
2026-01-03 19:47:16,675:INFO:SubProcess create_model() called ==================================
2026-01-03 19:47:16,676:INFO:Initializing create_model()
2026-01-03 19:47:16,676:INFO:create_model(self=<pycaret.regression.oop.RegressionExperiment object at 0x7bb288ed9f10>, estimator=llar, fold=KFold(n_splits=5, random_state=None, shuffle=False), round=4, cross_validation=True, predict=True, fit_kwargs={}, groups=None, refit=False, probability_threshold=None, experiment_custom_tags=None, verbose=False, system=False, add_to_model_list=True, metrics=None, display=<pycaret.internal.display.display.CommonDisplay object at 0x7bb26baac6d0>, model_only=True, return_train_score=False, error_score=0.0, kwargs={})
2026-01-03 19:47:16,676:INFO:Checking exceptions
2026-01-03 19:47:16,677:INFO:Importing libraries
2026-01-03 19:47:16,677:INFO:Copying training dataset
2026-01-03 19:47:16,687:INFO:Defining folds
2026-01-03 19:47:16,687:INFO:Declaring metric variables
2026-01-03 19:47:16,692:INFO:Importing untrained model
2026-01-03 19:47:16,696:INFO:Lasso Least Angle Regression Imported successfully
2026-01-03 19:47:16,706:INFO:Starting cross validation
2026-01-03 19:47:16,706:INFO:Cross validating with KFold(n_splits=5, random_state=None, shuffle=False), n_jobs=-1
2026-01-03 19:47:16,787:INFO:Calculating mean and std
2026-01-03 19:47:16,788:INFO:Creating metrics dataframe
2026-01-03 19:47:16,789:INFO:Uploading results into container
2026-01-03 19:47:16,790:INFO:Uploading model into container now
2026-01-03 19:47:16,790:INFO:_master_model_container: 6
2026-01-03 19:47:16,790:INFO:_display_container: 2
2026-01-03 19:47:16,790:INFO:LassoLars(random_state=123)
2026-01-03 19:47:16,791:INFO:create_model() successfully completed......................................
2026-01-03 19:47:16,878:INFO:SubProcess create_model() end ==================================
2026-01-03 19:47:16,878:INFO:Creating metrics dataframe
2026-01-03 19:47:16,885:INFO:Initializing Orthogonal Matching Pursuit
2026-01-03 19:47:16,885:INFO:Total runtime is 0.08477965195973713 minutes
2026-01-03 19:47:16,888:INFO:SubProcess create_model() called ==================================
2026-01-03 19:47:16,888:INFO:Initializing create_model()
2026-01-03 19:47:16,888:INFO:create_model(self=<pycaret.regression.oop.RegressionExperiment object at 0x7bb288ed9f10>, estimator=omp, fold=KFold(n_splits=5, random_state=None, shuffle=False), round=4, cross_validation=True, predict=True, fit_kwargs={}, groups=None, refit=False, probability_threshold=None, experiment_custom_tags=None, verbose=False, system=False, add_to_model_list=True, metrics=None, display=<pycaret.internal.display.display.CommonDisplay object at 0x7bb26baac6d0>, model_only=True, return_train_score=False, error_score=0.0, kwargs={})
2026-01-03 19:47:16,888:INFO:Checking exceptions
2026-01-03 19:47:16,888:INFO:Importing libraries
2026-01-03 19:47:16,888:INFO:Copying training dataset
2026-01-03 19:47:16,893:INFO:Defining folds
2026-01-03 19:47:16,893:INFO:Declaring metric variables
2026-01-03 19:47:16,896:INFO:Importing untrained model
2026-01-03 19:47:16,905:INFO:Orthogonal Matching Pursuit Imported successfully
2026-01-03 19:47:16,914:INFO:Starting cross validation
2026-01-03 19:47:16,914:INFO:Cross validating with KFold(n_splits=5, random_state=None, shuffle=False), n_jobs=-1
2026-01-03 19:47:17,002:INFO:Calculating mean and std
2026-01-03 19:47:17,002:INFO:Creating metrics dataframe
2026-01-03 19:47:17,004:INFO:Uploading results into container
2026-01-03 19:47:17,004:INFO:Uploading model into container now
2026-01-03 19:47:17,005:INFO:_master_model_container: 7
2026-01-03 19:47:17,005:INFO:_display_container: 2
2026-01-03 19:47:17,005:INFO:OrthogonalMatchingPursuit()
2026-01-03 19:47:17,005:INFO:create_model() successfully completed......................................
2026-01-03 19:47:17,085:INFO:SubProcess create_model() end ==================================
2026-01-03 19:47:17,085:INFO:Creating metrics dataframe
2026-01-03 19:47:17,089:INFO:Initializing Bayesian Ridge
2026-01-03 19:47:17,089:INFO:Total runtime is 0.08818538983662923 minutes
2026-01-03 19:47:17,092:INFO:SubProcess create_model() called ==================================
2026-01-03 19:47:17,092:INFO:Initializing create_model()
2026-01-03 19:47:17,092:INFO:create_model(self=<pycaret.regression.oop.RegressionExperiment object at 0x7bb288ed9f10>, estimator=br, fold=KFold(n_splits=5, random_state=None, shuffle=False), round=4, cross_validation=True, predict=True, fit_kwargs={}, groups=None, refit=False, probability_threshold=None, experiment_custom_tags=None, verbose=False, system=False, add_to_model_list=True, metrics=None, display=<pycaret.internal.display.display.CommonDisplay object at 0x7bb26baac6d0>, model_only=True, return_train_score=False, error_score=0.0, kwargs={})
2026-01-03 19:47:17,092:INFO:Checking exceptions
2026-01-03 19:47:17,092:INFO:Importing libraries
2026-01-03 19:47:17,092:INFO:Copying training dataset
2026-01-03 19:47:17,095:INFO:Defining folds
2026-01-03 19:47:17,095:INFO:Declaring metric variables
2026-01-03 19:47:17,097:INFO:Importing untrained model
2026-01-03 19:47:17,102:INFO:Bayesian Ridge Imported successfully
2026-01-03 19:47:17,107:INFO:Starting cross validation
2026-01-03 19:47:17,108:INFO:Cross validating with KFold(n_splits=5, random_state=None, shuffle=False), n_jobs=-1
2026-01-03 19:47:17,182:INFO:Calculating mean and std
2026-01-03 19:47:17,183:INFO:Creating metrics dataframe
2026-01-03 19:47:17,185:INFO:Uploading results into container
2026-01-03 19:47:17,185:INFO:Uploading model into container now
2026-01-03 19:47:17,185:INFO:_master_model_container: 8
2026-01-03 19:47:17,186:INFO:_display_container: 2
2026-01-03 19:47:17,186:INFO:BayesianRidge()
2026-01-03 19:47:17,186:INFO:create_model() successfully completed......................................
2026-01-03 19:47:17,273:INFO:SubProcess create_model() end ==================================
2026-01-03 19:47:17,273:INFO:Creating metrics dataframe
2026-01-03 19:47:17,282:INFO:Initializing Passive Aggressive Regressor
2026-01-03 19:47:17,282:INFO:Total runtime is 0.0913995623588562 minutes
2026-01-03 19:47:17,287:INFO:SubProcess create_model() called ==================================
2026-01-03 19:47:17,287:INFO:Initializing create_model()
2026-01-03 19:47:17,287:INFO:create_model(self=<pycaret.regression.oop.RegressionExperiment object at 0x7bb288ed9f10>, estimator=par, fold=KFold(n_splits=5, random_state=None, shuffle=False), round=4, cross_validation=True, predict=True, fit_kwargs={}, groups=None, refit=False, probability_threshold=None, experiment_custom_tags=None, verbose=False, system=False, add_to_model_list=True, metrics=None, display=<pycaret.internal.display.display.CommonDisplay object at 0x7bb26baac6d0>, model_only=True, return_train_score=False, error_score=0.0, kwargs={})
2026-01-03 19:47:17,287:INFO:Checking exceptions
2026-01-03 19:47:17,287:INFO:Importing libraries
2026-01-03 19:47:17,287:INFO:Copying training dataset
2026-01-03 19:47:17,290:INFO:Defining folds
2026-01-03 19:47:17,291:INFO:Declaring metric variables
2026-01-03 19:47:17,294:INFO:Importing untrained model
2026-01-03 19:47:17,299:INFO:Passive Aggressive Regressor Imported successfully
2026-01-03 19:47:17,307:INFO:Starting cross validation
2026-01-03 19:47:17,308:INFO:Cross validating with KFold(n_splits=5, random_state=None, shuffle=False), n_jobs=-1
2026-01-03 19:47:17,397:INFO:Calculating mean and std
2026-01-03 19:47:17,397:INFO:Creating metrics dataframe
2026-01-03 19:47:17,398:INFO:Uploading results into container
2026-01-03 19:47:17,399:INFO:Uploading model into container now
2026-01-03 19:47:17,399:INFO:_master_model_container: 9
2026-01-03 19:47:17,399:INFO:_display_container: 2
2026-01-03 19:47:17,399:INFO:PassiveAggressiveRegressor(random_state=123)
2026-01-03 19:47:17,399:INFO:create_model() successfully completed......................................
2026-01-03 19:47:17,483:INFO:SubProcess create_model() end ==================================
2026-01-03 19:47:17,483:INFO:Creating metrics dataframe
2026-01-03 19:47:17,491:INFO:Initializing Huber Regressor
2026-01-03 19:47:17,491:INFO:Total runtime is 0.09487958351771036 minutes
2026-01-03 19:47:17,496:INFO:SubProcess create_model() called ==================================
2026-01-03 19:47:17,496:INFO:Initializing create_model()
2026-01-03 19:47:17,496:INFO:create_model(self=<pycaret.regression.oop.RegressionExperiment object at 0x7bb288ed9f10>, estimator=huber, fold=KFold(n_splits=5, random_state=None, shuffle=False), round=4, cross_validation=True, predict=True, fit_kwargs={}, groups=None, refit=False, probability_threshold=None, experiment_custom_tags=None, verbose=False, system=False, add_to_model_list=True, metrics=None, display=<pycaret.internal.display.display.CommonDisplay object at 0x7bb26baac6d0>, model_only=True, return_train_score=False, error_score=0.0, kwargs={})
2026-01-03 19:47:17,496:INFO:Checking exceptions
2026-01-03 19:47:17,496:INFO:Importing libraries
2026-01-03 19:47:17,496:INFO:Copying training dataset
2026-01-03 19:47:17,501:INFO:Defining folds
2026-01-03 19:47:17,501:INFO:Declaring metric variables
2026-01-03 19:47:17,507:INFO:Importing untrained model
2026-01-03 19:47:17,517:INFO:Huber Regressor Imported successfully
2026-01-03 19:47:17,525:INFO:Starting cross validation
2026-01-03 19:47:17,526:INFO:Cross validating with KFold(n_splits=5, random_state=None, shuffle=False), n_jobs=-1
2026-01-03 19:47:17,624:INFO:Calculating mean and std
2026-01-03 19:47:17,624:INFO:Creating metrics dataframe
2026-01-03 19:47:17,625:INFO:Uploading results into container
2026-01-03 19:47:17,626:INFO:Uploading model into container now
2026-01-03 19:47:17,626:INFO:_master_model_container: 10
2026-01-03 19:47:17,626:INFO:_display_container: 2
2026-01-03 19:47:17,626:INFO:HuberRegressor()
2026-01-03 19:47:17,627:INFO:create_model() successfully completed......................................
2026-01-03 19:47:17,713:INFO:SubProcess create_model() end ==================================
2026-01-03 19:47:17,713:INFO:Creating metrics dataframe
2026-01-03 19:47:17,719:INFO:Initializing K Neighbors Regressor
2026-01-03 19:47:17,720:INFO:Total runtime is 0.09868743022282918 minutes
2026-01-03 19:47:17,722:INFO:SubProcess create_model() called ==================================
2026-01-03 19:47:17,723:INFO:Initializing create_model()
2026-01-03 19:47:17,723:INFO:create_model(self=<pycaret.regression.oop.RegressionExperiment object at 0x7bb288ed9f10>, estimator=knn, fold=KFold(n_splits=5, random_state=None, shuffle=False), round=4, cross_validation=True, predict=True, fit_kwargs={}, groups=None, refit=False, probability_threshold=None, experiment_custom_tags=None, verbose=False, system=False, add_to_model_list=True, metrics=None, display=<pycaret.internal.display.display.CommonDisplay object at 0x7bb26baac6d0>, model_only=True, return_train_score=False, error_score=0.0, kwargs={})
2026-01-03 19:47:17,723:INFO:Checking exceptions
2026-01-03 19:47:17,723:INFO:Importing libraries
2026-01-03 19:47:17,723:INFO:Copying training dataset
2026-01-03 19:47:17,727:INFO:Defining folds
2026-01-03 19:47:17,727:INFO:Declaring metric variables
2026-01-03 19:47:17,730:INFO:Importing untrained model
2026-01-03 19:47:17,733:INFO:K Neighbors Regressor Imported successfully
2026-01-03 19:47:17,744:INFO:Starting cross validation
2026-01-03 19:47:17,745:INFO:Cross validating with KFold(n_splits=5, random_state=None, shuffle=False), n_jobs=-1
2026-01-03 19:47:17,875:INFO:Calculating mean and std
2026-01-03 19:47:17,876:INFO:Creating metrics dataframe
2026-01-03 19:47:17,877:INFO:Uploading results into container
2026-01-03 19:47:17,877:INFO:Uploading model into container now
2026-01-03 19:47:17,878:INFO:_master_model_container: 11
2026-01-03 19:47:17,878:INFO:_display_container: 2
2026-01-03 19:47:17,878:INFO:KNeighborsRegressor(n_jobs=-1)
2026-01-03 19:47:17,878:INFO:create_model() successfully completed......................................
2026-01-03 19:47:17,955:INFO:SubProcess create_model() end ==================================
2026-01-03 19:47:17,955:INFO:Creating metrics dataframe
2026-01-03 19:47:17,959:INFO:Initializing Decision Tree Regressor
2026-01-03 19:47:17,959:INFO:Total runtime is 0.10268319447835286 minutes
2026-01-03 19:47:17,961:INFO:SubProcess create_model() called ==================================
2026-01-03 19:47:17,962:INFO:Initializing create_model()
2026-01-03 19:47:17,962:INFO:create_model(self=<pycaret.regression.oop.RegressionExperiment object at 0x7bb288ed9f10>, estimator=dt, fold=KFold(n_splits=5, random_state=None, shuffle=False), round=4, cross_validation=True, predict=True, fit_kwargs={}, groups=None, refit=False, probability_threshold=None, experiment_custom_tags=None, verbose=False, system=False, add_to_model_list=True, metrics=None, display=<pycaret.internal.display.display.CommonDisplay object at 0x7bb26baac6d0>, model_only=True, return_train_score=False, error_score=0.0, kwargs={})
2026-01-03 19:47:17,962:INFO:Checking exceptions
2026-01-03 19:47:17,962:INFO:Importing libraries
2026-01-03 19:47:17,962:INFO:Copying training dataset
2026-01-03 19:47:17,964:INFO:Defining folds
2026-01-03 19:47:17,964:INFO:Declaring metric variables
2026-01-03 19:47:17,967:INFO:Importing untrained model
2026-01-03 19:47:17,969:INFO:Decision Tree Regressor Imported successfully
2026-01-03 19:47:17,981:INFO:Starting cross validation
2026-01-03 19:47:17,983:INFO:Cross validating with KFold(n_splits=5, random_state=None, shuffle=False), n_jobs=-1
2026-01-03 19:47:18,104:INFO:Calculating mean and std
2026-01-03 19:47:18,105:INFO:Creating metrics dataframe
2026-01-03 19:47:18,106:INFO:Uploading results into container
2026-01-03 19:47:18,107:INFO:Uploading model into container now
2026-01-03 19:47:18,107:INFO:_master_model_container: 12
2026-01-03 19:47:18,107:INFO:_display_container: 2
2026-01-03 19:47:18,107:INFO:DecisionTreeRegressor(random_state=123)
2026-01-03 19:47:18,107:INFO:create_model() successfully completed......................................
2026-01-03 19:47:18,204:INFO:SubProcess create_model() end ==================================
2026-01-03 19:47:18,204:INFO:Creating metrics dataframe
2026-01-03 19:47:18,209:INFO:Initializing Random Forest Regressor
2026-01-03 19:47:18,209:INFO:Total runtime is 0.10683978796005249 minutes
2026-01-03 19:47:18,212:INFO:SubProcess create_model() called ==================================
2026-01-03 19:47:18,212:INFO:Initializing create_model()
2026-01-03 19:47:18,213:INFO:create_model(self=<pycaret.regression.oop.RegressionExperiment object at 0x7bb288ed9f10>, estimator=rf, fold=KFold(n_splits=5, random_state=None, shuffle=False), round=4, cross_validation=True, predict=True, fit_kwargs={}, groups=None, refit=False, probability_threshold=None, experiment_custom_tags=None, verbose=False, system=False, add_to_model_list=True, metrics=None, display=<pycaret.internal.display.display.CommonDisplay object at 0x7bb26baac6d0>, model_only=True, return_train_score=False, error_score=0.0, kwargs={})
2026-01-03 19:47:18,213:INFO:Checking exceptions
2026-01-03 19:47:18,213:INFO:Importing libraries
2026-01-03 19:47:18,213:INFO:Copying training dataset
2026-01-03 19:47:18,218:INFO:Defining folds
2026-01-03 19:47:18,219:INFO:Declaring metric variables
2026-01-03 19:47:18,223:INFO:Importing untrained model
2026-01-03 19:47:18,226:INFO:Random Forest Regressor Imported successfully
2026-01-03 19:47:18,231:INFO:Starting cross validation
2026-01-03 19:47:18,232:INFO:Cross validating with KFold(n_splits=5, random_state=None, shuffle=False), n_jobs=-1
2026-01-03 19:47:19,299:INFO:Calculating mean and std
2026-01-03 19:47:19,300:INFO:Creating metrics dataframe
2026-01-03 19:47:19,301:INFO:Uploading results into container
2026-01-03 19:47:19,302:INFO:Uploading model into container now
2026-01-03 19:47:19,302:INFO:_master_model_container: 13
2026-01-03 19:47:19,302:INFO:_display_container: 2
2026-01-03 19:47:19,302:INFO:RandomForestRegressor(n_jobs=-1, random_state=123)
2026-01-03 19:47:19,302:INFO:create_model() successfully completed......................................
2026-01-03 19:47:19,381:INFO:SubProcess create_model() end ==================================
2026-01-03 19:47:19,381:INFO:Creating metrics dataframe
2026-01-03 19:47:19,386:INFO:Initializing Extra Trees Regressor
2026-01-03 19:47:19,386:INFO:Total runtime is 0.12646080255508424 minutes
2026-01-03 19:47:19,388:INFO:SubProcess create_model() called ==================================
2026-01-03 19:47:19,388:INFO:Initializing create_model()
2026-01-03 19:47:19,388:INFO:create_model(self=<pycaret.regression.oop.RegressionExperiment object at 0x7bb288ed9f10>, estimator=et, fold=KFold(n_splits=5, random_state=None, shuffle=False), round=4, cross_validation=True, predict=True, fit_kwargs={}, groups=None, refit=False, probability_threshold=None, experiment_custom_tags=None, verbose=False, system=False, add_to_model_list=True, metrics=None, display=<pycaret.internal.display.display.CommonDisplay object at 0x7bb26baac6d0>, model_only=True, return_train_score=False, error_score=0.0, kwargs={})
2026-01-03 19:47:19,388:INFO:Checking exceptions
2026-01-03 19:47:19,388:INFO:Importing libraries
2026-01-03 19:47:19,388:INFO:Copying training dataset
2026-01-03 19:47:19,390:INFO:Defining folds
2026-01-03 19:47:19,391:INFO:Declaring metric variables
2026-01-03 19:47:19,393:INFO:Importing untrained model
2026-01-03 19:47:19,395:INFO:Extra Trees Regressor Imported successfully
2026-01-03 19:47:19,399:INFO:Starting cross validation
2026-01-03 19:47:19,400:INFO:Cross validating with KFold(n_splits=5, random_state=None, shuffle=False), n_jobs=-1
2026-01-03 19:47:20,130:INFO:Calculating mean and std
2026-01-03 19:47:20,131:INFO:Creating metrics dataframe
2026-01-03 19:47:20,132:INFO:Uploading results into container
2026-01-03 19:47:20,133:INFO:Uploading model into container now
2026-01-03 19:47:20,133:INFO:_master_model_container: 14
2026-01-03 19:47:20,133:INFO:_display_container: 2
2026-01-03 19:47:20,134:INFO:ExtraTreesRegressor(n_jobs=-1, random_state=123)
2026-01-03 19:47:20,134:INFO:create_model() successfully completed......................................
2026-01-03 19:47:20,221:INFO:SubProcess create_model() end ==================================
2026-01-03 19:47:20,221:INFO:Creating metrics dataframe
2026-01-03 19:47:20,228:INFO:Initializing AdaBoost Regressor
2026-01-03 19:47:20,228:INFO:Total runtime is 0.14049238363901775 minutes
2026-01-03 19:47:20,230:INFO:SubProcess create_model() called ==================================
2026-01-03 19:47:20,230:INFO:Initializing create_model()
2026-01-03 19:47:20,230:INFO:create_model(self=<pycaret.regression.oop.RegressionExperiment object at 0x7bb288ed9f10>, estimator=ada, fold=KFold(n_splits=5, random_state=None, shuffle=False), round=4, cross_validation=True, predict=True, fit_kwargs={}, groups=None, refit=False, probability_threshold=None, experiment_custom_tags=None, verbose=False, system=False, add_to_model_list=True, metrics=None, display=<pycaret.internal.display.display.CommonDisplay object at 0x7bb26baac6d0>, model_only=True, return_train_score=False, error_score=0.0, kwargs={})
2026-01-03 19:47:20,230:INFO:Checking exceptions
2026-01-03 19:47:20,230:INFO:Importing libraries
2026-01-03 19:47:20,230:INFO:Copying training dataset
2026-01-03 19:47:20,233:INFO:Defining folds
2026-01-03 19:47:20,233:INFO:Declaring metric variables
2026-01-03 19:47:20,236:INFO:Importing untrained model
2026-01-03 19:47:20,240:INFO:AdaBoost Regressor Imported successfully
2026-01-03 19:47:20,249:INFO:Starting cross validation
2026-01-03 19:47:20,250:INFO:Cross validating with KFold(n_splits=5, random_state=None, shuffle=False), n_jobs=-1
2026-01-03 19:47:20,493:INFO:Calculating mean and std
2026-01-03 19:47:20,494:INFO:Creating metrics dataframe
2026-01-03 19:47:20,495:INFO:Uploading results into container
2026-01-03 19:47:20,496:INFO:Uploading model into container now
2026-01-03 19:47:20,496:INFO:_master_model_container: 15
2026-01-03 19:47:20,496:INFO:_display_container: 2
2026-01-03 19:47:20,496:INFO:AdaBoostRegressor(random_state=123)
2026-01-03 19:47:20,496:INFO:create_model() successfully completed......................................
2026-01-03 19:47:20,569:INFO:SubProcess create_model() end ==================================
2026-01-03 19:47:20,569:INFO:Creating metrics dataframe
2026-01-03 19:47:20,575:INFO:Initializing Gradient Boosting Regressor
2026-01-03 19:47:20,576:INFO:Total runtime is 0.14628664255142212 minutes
2026-01-03 19:47:20,580:INFO:SubProcess create_model() called ==================================
2026-01-03 19:47:20,580:INFO:Initializing create_model()
2026-01-03 19:47:20,580:INFO:create_model(self=<pycaret.regression.oop.RegressionExperiment object at 0x7bb288ed9f10>, estimator=gbr, fold=KFold(n_splits=5, random_state=None, shuffle=False), round=4, cross_validation=True, predict=True, fit_kwargs={}, groups=None, refit=False, probability_threshold=None, experiment_custom_tags=None, verbose=False, system=False, add_to_model_list=True, metrics=None, display=<pycaret.internal.display.display.CommonDisplay object at 0x7bb26baac6d0>, model_only=True, return_train_score=False, error_score=0.0, kwargs={})
2026-01-03 19:47:20,580:INFO:Checking exceptions
2026-01-03 19:47:20,580:INFO:Importing libraries
2026-01-03 19:47:20,581:INFO:Copying training dataset
2026-01-03 19:47:20,587:INFO:Defining folds
2026-01-03 19:47:20,587:INFO:Declaring metric variables
2026-01-03 19:47:20,591:INFO:Importing untrained model
2026-01-03 19:47:20,595:INFO:Gradient Boosting Regressor Imported successfully
2026-01-03 19:47:20,611:INFO:Starting cross validation
2026-01-03 19:47:20,614:INFO:Cross validating with KFold(n_splits=5, random_state=None, shuffle=False), n_jobs=-1
2026-01-03 19:47:21,161:INFO:Calculating mean and std
2026-01-03 19:47:21,162:INFO:Creating metrics dataframe
2026-01-03 19:47:21,164:INFO:Uploading results into container
2026-01-03 19:47:21,164:INFO:Uploading model into container now
2026-01-03 19:47:21,164:INFO:_master_model_container: 16
2026-01-03 19:47:21,165:INFO:_display_container: 2
2026-01-03 19:47:21,165:INFO:GradientBoostingRegressor(random_state=123)
2026-01-03 19:47:21,165:INFO:create_model() successfully completed......................................
2026-01-03 19:47:21,239:INFO:SubProcess create_model() end ==================================
2026-01-03 19:47:21,240:INFO:Creating metrics dataframe
2026-01-03 19:47:21,251:INFO:Initializing Extreme Gradient Boosting
2026-01-03 19:47:21,252:INFO:Total runtime is 0.15755735635757448 minutes
2026-01-03 19:47:21,259:INFO:SubProcess create_model() called ==================================
2026-01-03 19:47:21,259:INFO:Initializing create_model()
2026-01-03 19:47:21,260:INFO:create_model(self=<pycaret.regression.oop.RegressionExperiment object at 0x7bb288ed9f10>, estimator=xgboost, fold=KFold(n_splits=5, random_state=None, shuffle=False), round=4, cross_validation=True, predict=True, fit_kwargs={}, groups=None, refit=False, probability_threshold=None, experiment_custom_tags=None, verbose=False, system=False, add_to_model_list=True, metrics=None, display=<pycaret.internal.display.display.CommonDisplay object at 0x7bb26baac6d0>, model_only=True, return_train_score=False, error_score=0.0, kwargs={})
2026-01-03 19:47:21,260:INFO:Checking exceptions
2026-01-03 19:47:21,260:INFO:Importing libraries
2026-01-03 19:47:21,260:INFO:Copying training dataset
2026-01-03 19:47:21,272:INFO:Defining folds
2026-01-03 19:47:21,272:INFO:Declaring metric variables
2026-01-03 19:47:21,279:INFO:Importing untrained model
2026-01-03 19:47:21,285:INFO:Extreme Gradient Boosting Imported successfully
2026-01-03 19:47:21,297:INFO:Starting cross validation
2026-01-03 19:47:21,299:INFO:Cross validating with KFold(n_splits=5, random_state=None, shuffle=False), n_jobs=-1
2026-01-03 19:47:21,482:INFO:Calculating mean and std
2026-01-03 19:47:21,482:INFO:Creating metrics dataframe
2026-01-03 19:47:21,484:INFO:Uploading results into container
2026-01-03 19:47:21,484:INFO:Uploading model into container now
2026-01-03 19:47:21,485:INFO:_master_model_container: 17
2026-01-03 19:47:21,485:INFO:_display_container: 2
2026-01-03 19:47:21,486:INFO:XGBRegressor(base_score=None, booster='gbtree', callbacks=None,
             colsample_bylevel=None, colsample_bynode=None,
             colsample_bytree=None, device='cpu', early_stopping_rounds=None,
             enable_categorical=False, eval_metric=None, feature_types=None,
             feature_weights=None, gamma=None, grow_policy=None,
             importance_type=None, interaction_constraints=None,
             learning_rate=None, max_bin=None, max_cat_threshold=None,
             max_cat_to_onehot=None, max_delta_step=None, max_depth=None,
             max_leaves=None, min_child_weight=None, missing=nan,
             monotone_constraints=None, multi_strategy=None, n_estimators=None,
             n_jobs=-1, num_parallel_tree=None, ...)
2026-01-03 19:47:21,486:INFO:create_model() successfully completed......................................
2026-01-03 19:47:21,563:INFO:SubProcess create_model() end ==================================
2026-01-03 19:47:21,563:INFO:Creating metrics dataframe
2026-01-03 19:47:21,568:INFO:Initializing Light Gradient Boosting Machine
2026-01-03 19:47:21,568:INFO:Total runtime is 0.1628330707550049 minutes
2026-01-03 19:47:21,570:INFO:SubProcess create_model() called ==================================
2026-01-03 19:47:21,571:INFO:Initializing create_model()
2026-01-03 19:47:21,571:INFO:create_model(self=<pycaret.regression.oop.RegressionExperiment object at 0x7bb288ed9f10>, estimator=lightgbm, fold=KFold(n_splits=5, random_state=None, shuffle=False), round=4, cross_validation=True, predict=True, fit_kwargs={}, groups=None, refit=False, probability_threshold=None, experiment_custom_tags=None, verbose=False, system=False, add_to_model_list=True, metrics=None, display=<pycaret.internal.display.display.CommonDisplay object at 0x7bb26baac6d0>, model_only=True, return_train_score=False, error_score=0.0, kwargs={})
2026-01-03 19:47:21,571:INFO:Checking exceptions
2026-01-03 19:47:21,571:INFO:Importing libraries
2026-01-03 19:47:21,571:INFO:Copying training dataset
2026-01-03 19:47:21,573:INFO:Defining folds
2026-01-03 19:47:21,573:INFO:Declaring metric variables
2026-01-03 19:47:21,576:INFO:Importing untrained model
2026-01-03 19:47:21,579:INFO:Light Gradient Boosting Machine Imported successfully
2026-01-03 19:47:21,584:INFO:Starting cross validation
2026-01-03 19:47:21,584:INFO:Cross validating with KFold(n_splits=5, random_state=None, shuffle=False), n_jobs=-1
2026-01-03 19:47:22,954:INFO:Calculating mean and std
2026-01-03 19:47:22,955:INFO:Creating metrics dataframe
2026-01-03 19:47:22,958:INFO:Uploading results into container
2026-01-03 19:47:22,958:INFO:Uploading model into container now
2026-01-03 19:47:22,959:INFO:_master_model_container: 18
2026-01-03 19:47:22,959:INFO:_display_container: 2
2026-01-03 19:47:22,959:INFO:LGBMRegressor(n_jobs=-1, random_state=123)
2026-01-03 19:47:22,959:INFO:create_model() successfully completed......................................
2026-01-03 19:47:23,069:INFO:SubProcess create_model() end ==================================
2026-01-03 19:47:23,069:INFO:Creating metrics dataframe
2026-01-03 19:47:23,079:INFO:Initializing CatBoost Regressor
2026-01-03 19:47:23,079:INFO:Total runtime is 0.18800703684488934 minutes
2026-01-03 19:47:23,083:INFO:SubProcess create_model() called ==================================
2026-01-03 19:47:23,083:INFO:Initializing create_model()
2026-01-03 19:47:23,083:INFO:create_model(self=<pycaret.regression.oop.RegressionExperiment object at 0x7bb288ed9f10>, estimator=catboost, fold=KFold(n_splits=5, random_state=None, shuffle=False), round=4, cross_validation=True, predict=True, fit_kwargs={}, groups=None, refit=False, probability_threshold=None, experiment_custom_tags=None, verbose=False, system=False, add_to_model_list=True, metrics=None, display=<pycaret.internal.display.display.CommonDisplay object at 0x7bb26baac6d0>, model_only=True, return_train_score=False, error_score=0.0, kwargs={})
2026-01-03 19:47:23,083:INFO:Checking exceptions
2026-01-03 19:47:23,083:INFO:Importing libraries
2026-01-03 19:47:23,083:INFO:Copying training dataset
2026-01-03 19:47:23,088:INFO:Defining folds
2026-01-03 19:47:23,088:INFO:Declaring metric variables
2026-01-03 19:47:23,092:INFO:Importing untrained model
2026-01-03 19:47:23,097:INFO:CatBoost Regressor Imported successfully
2026-01-03 19:47:23,104:INFO:Starting cross validation
2026-01-03 19:47:23,105:INFO:Cross validating with KFold(n_splits=5, random_state=None, shuffle=False), n_jobs=-1
2026-01-03 19:47:28,183:INFO:Calculating mean and std
2026-01-03 19:47:28,185:INFO:Creating metrics dataframe
2026-01-03 19:47:28,189:INFO:Uploading results into container
2026-01-03 19:47:28,190:INFO:Uploading model into container now
2026-01-03 19:47:28,191:INFO:_master_model_container: 19
2026-01-03 19:47:28,191:INFO:_display_container: 2
2026-01-03 19:47:28,191:INFO:<catboost.core.CatBoostRegressor object at 0x7bb26bbe0e10>
2026-01-03 19:47:28,191:INFO:create_model() successfully completed......................................
2026-01-03 19:47:28,293:INFO:SubProcess create_model() end ==================================
2026-01-03 19:47:28,294:INFO:Creating metrics dataframe
2026-01-03 19:47:28,302:INFO:Initializing Dummy Regressor
2026-01-03 19:47:28,302:INFO:Total runtime is 0.2750667492548625 minutes
2026-01-03 19:47:28,306:INFO:SubProcess create_model() called ==================================
2026-01-03 19:47:28,306:INFO:Initializing create_model()
2026-01-03 19:47:28,306:INFO:create_model(self=<pycaret.regression.oop.RegressionExperiment object at 0x7bb288ed9f10>, estimator=dummy, fold=KFold(n_splits=5, random_state=None, shuffle=False), round=4, cross_validation=True, predict=True, fit_kwargs={}, groups=None, refit=False, probability_threshold=None, experiment_custom_tags=None, verbose=False, system=False, add_to_model_list=True, metrics=None, display=<pycaret.internal.display.display.CommonDisplay object at 0x7bb26baac6d0>, model_only=True, return_train_score=False, error_score=0.0, kwargs={})
2026-01-03 19:47:28,306:INFO:Checking exceptions
2026-01-03 19:47:28,306:INFO:Importing libraries
2026-01-03 19:47:28,306:INFO:Copying training dataset
2026-01-03 19:47:28,310:INFO:Defining folds
2026-01-03 19:47:28,310:INFO:Declaring metric variables
2026-01-03 19:47:28,313:INFO:Importing untrained model
2026-01-03 19:47:28,318:INFO:Dummy Regressor Imported successfully
2026-01-03 19:47:28,325:INFO:Starting cross validation
2026-01-03 19:47:28,326:INFO:Cross validating with KFold(n_splits=5, random_state=None, shuffle=False), n_jobs=-1
2026-01-03 19:47:28,459:INFO:Calculating mean and std
2026-01-03 19:47:28,460:INFO:Creating metrics dataframe
2026-01-03 19:47:28,462:INFO:Uploading results into container
2026-01-03 19:47:28,462:INFO:Uploading model into container now
2026-01-03 19:47:28,463:INFO:_master_model_container: 20
2026-01-03 19:47:28,463:INFO:_display_container: 2
2026-01-03 19:47:28,464:INFO:DummyRegressor()
2026-01-03 19:47:28,464:INFO:create_model() successfully completed......................................
2026-01-03 19:47:28,560:INFO:SubProcess create_model() end ==================================
2026-01-03 19:47:28,560:INFO:Creating metrics dataframe
2026-01-03 19:47:28,570:WARNING:/home/grzesiek/miniconda3/envs/halfmarathon/lib/python3.11/site-packages/pycaret/internal/pycaret_experiment/supervised_experiment.py:339: FutureWarning: Styler.applymap has been deprecated. Use Styler.map instead.
  .applymap(highlight_cols, subset=["TT (Sec)"])

2026-01-03 19:47:28,581:INFO:Initializing create_model()
2026-01-03 19:47:28,581:INFO:create_model(self=<pycaret.regression.oop.RegressionExperiment object at 0x7bb288ed9f10>, estimator=PassiveAggressiveRegressor(random_state=123), fold=KFold(n_splits=5, random_state=None, shuffle=False), round=4, cross_validation=False, predict=False, fit_kwargs={}, groups=None, refit=True, probability_threshold=None, experiment_custom_tags=None, verbose=False, system=False, add_to_model_list=True, metrics=None, display=None, model_only=True, return_train_score=False, error_score=0.0, kwargs={})
2026-01-03 19:47:28,582:INFO:Checking exceptions
2026-01-03 19:47:28,584:INFO:Importing libraries
2026-01-03 19:47:28,584:INFO:Copying training dataset
2026-01-03 19:47:28,590:INFO:Defining folds
2026-01-03 19:47:28,591:INFO:Declaring metric variables
2026-01-03 19:47:28,591:INFO:Importing untrained model
2026-01-03 19:47:28,591:INFO:Declaring custom model
2026-01-03 19:47:28,591:INFO:Passive Aggressive Regressor Imported successfully
2026-01-03 19:47:28,592:INFO:Cross validation set to False
2026-01-03 19:47:28,592:INFO:Fitting Model
2026-01-03 19:47:28,632:INFO:PassiveAggressiveRegressor(random_state=123)
2026-01-03 19:47:28,632:INFO:create_model() successfully completed......................................
2026-01-03 19:47:28,733:INFO:Initializing create_model()
2026-01-03 19:47:28,733:INFO:create_model(self=<pycaret.regression.oop.RegressionExperiment object at 0x7bb288ed9f10>, estimator=HuberRegressor(), fold=KFold(n_splits=5, random_state=None, shuffle=False), round=4, cross_validation=False, predict=False, fit_kwargs={}, groups=None, refit=True, probability_threshold=None, experiment_custom_tags=None, verbose=False, system=False, add_to_model_list=True, metrics=None, display=None, model_only=True, return_train_score=False, error_score=0.0, kwargs={})
2026-01-03 19:47:28,733:INFO:Checking exceptions
2026-01-03 19:47:28,735:INFO:Importing libraries
2026-01-03 19:47:28,735:INFO:Copying training dataset
2026-01-03 19:47:28,739:INFO:Defining folds
2026-01-03 19:47:28,739:INFO:Declaring metric variables
2026-01-03 19:47:28,739:INFO:Importing untrained model
2026-01-03 19:47:28,739:INFO:Declaring custom model
2026-01-03 19:47:28,739:INFO:Huber Regressor Imported successfully
2026-01-03 19:47:28,740:INFO:Cross validation set to False
2026-01-03 19:47:28,740:INFO:Fitting Model
2026-01-03 19:47:28,865:INFO:HuberRegressor()
2026-01-03 19:47:28,865:INFO:create_model() successfully completed......................................
2026-01-03 19:47:29,045:INFO:Initializing create_model()
2026-01-03 19:47:29,045:INFO:create_model(self=<pycaret.regression.oop.RegressionExperiment object at 0x7bb288ed9f10>, estimator=GradientBoostingRegressor(random_state=123), fold=KFold(n_splits=5, random_state=None, shuffle=False), round=4, cross_validation=False, predict=False, fit_kwargs={}, groups=None, refit=True, probability_threshold=None, experiment_custom_tags=None, verbose=False, system=False, add_to_model_list=True, metrics=None, display=None, model_only=True, return_train_score=False, error_score=0.0, kwargs={})
2026-01-03 19:47:29,045:INFO:Checking exceptions
2026-01-03 19:47:29,047:INFO:Importing libraries
2026-01-03 19:47:29,047:INFO:Copying training dataset
2026-01-03 19:47:29,051:INFO:Defining folds
2026-01-03 19:47:29,051:INFO:Declaring metric variables
2026-01-03 19:47:29,051:INFO:Importing untrained model
2026-01-03 19:47:29,051:INFO:Declaring custom model
2026-01-03 19:47:29,052:INFO:Gradient Boosting Regressor Imported successfully
2026-01-03 19:47:29,052:INFO:Cross validation set to False
2026-01-03 19:47:29,053:INFO:Fitting Model
2026-01-03 19:47:29,621:INFO:GradientBoostingRegressor(random_state=123)
2026-01-03 19:47:29,621:INFO:create_model() successfully completed......................................
2026-01-03 19:47:29,719:INFO:_master_model_container: 20
2026-01-03 19:47:29,719:INFO:_display_container: 2
2026-01-03 19:47:29,720:INFO:[PassiveAggressiveRegressor(random_state=123), HuberRegressor(), GradientBoostingRegressor(random_state=123)]
2026-01-03 19:47:29,720:INFO:compare_models() successfully completed......................................
2026-01-03 19:47:29,721:INFO:Initializing finalize_model()
2026-01-03 19:47:29,721:INFO:finalize_model(self=<pycaret.regression.oop.RegressionExperiment object at 0x7bb288ed9f10>, estimator=PassiveAggressiveRegressor(random_state=123), fit_kwargs=None, groups=None, model_only=False, experiment_custom_tags=None)
2026-01-03 19:47:29,721:INFO:Finalizing PassiveAggressiveRegressor(random_state=123)
2026-01-03 19:47:29,725:INFO:Initializing create_model()
2026-01-03 19:47:29,725:INFO:create_model(self=<pycaret.regression.oop.RegressionExperiment object at 0x7bb288ed9f10>, estimator=PassiveAggressiveRegressor(random_state=123), fold=None, round=4, cross_validation=False, predict=False, fit_kwargs={}, groups=None, refit=True, probability_threshold=None, experiment_custom_tags=None, verbose=False, system=False, add_to_model_list=False, metrics=None, display=None, model_only=False, return_train_score=False, error_score=0.0, kwargs={})
2026-01-03 19:47:29,725:INFO:Checking exceptions
2026-01-03 19:47:29,727:INFO:Importing libraries
2026-01-03 19:47:29,727:INFO:Copying training dataset
2026-01-03 19:47:29,728:INFO:Defining folds
2026-01-03 19:47:29,728:INFO:Declaring metric variables
2026-01-03 19:47:29,728:INFO:Importing untrained model
2026-01-03 19:47:29,728:INFO:Declaring custom model
2026-01-03 19:47:29,729:INFO:Passive Aggressive Regressor Imported successfully
2026-01-03 19:47:29,730:INFO:Cross validation set to False
2026-01-03 19:47:29,730:INFO:Fitting Model
2026-01-03 19:47:29,780:INFO:Pipeline(memory=Memory(location=None),
         steps=[('numerical_imputer',
                 TransformerWrapper(include=['age', 'time_5km_s'],
                                    transformer=SimpleImputer())),
                ('categorical_imputer',
                 TransformerWrapper(include=['sex'],
                                    transformer=SimpleImputer(strategy='most_frequent'))),
                ('ordinal_encoding',
                 TransformerWrapper(include=['sex'],
                                    transformer=OrdinalEncoder(cols=['sex'],
                                                               handle_missing='return_nan',
                                                               mapping=[{'col': 'sex',
                                                                         'data_type': dtype('O'),
                                                                         'mapping': K      0
M      1
NaN   -1
dtype: int64}]))),
                ('normalize', TransformerWrapper(transformer=StandardScaler())),
                ('actual_estimator',
                 PassiveAggressiveRegressor(random_state=123))])
2026-01-03 19:47:29,780:INFO:create_model() successfully completed......................................
2026-01-03 19:47:29,888:INFO:_master_model_container: 20
2026-01-03 19:47:29,888:INFO:_display_container: 2
2026-01-03 19:47:29,902:INFO:Pipeline(memory=Memory(location=None),
         steps=[('numerical_imputer',
                 TransformerWrapper(include=['age', 'time_5km_s'],
                                    transformer=SimpleImputer())),
                ('categorical_imputer',
                 TransformerWrapper(include=['sex'],
                                    transformer=SimpleImputer(strategy='most_frequent'))),
                ('ordinal_encoding',
                 TransformerWrapper(include=['sex'],
                                    transformer=OrdinalEncoder(cols=['sex'],
                                                               handle_missing='return_nan',
                                                               mapping=[{'col': 'sex',
                                                                         'data_type': dtype('O'),
                                                                         'mapping': K      0
M      1
NaN   -1
dtype: int64}]))),
                ('normalize', TransformerWrapper(transformer=StandardScaler())),
                ('actual_estimator',
                 PassiveAggressiveRegressor(random_state=123))])
2026-01-03 19:47:29,902:INFO:finalize_model() successfully completed......................................
2026-01-03 19:47:32,032:WARNING:/tmp/ipykernel_87124/2925878775.py:814: UserWarning: pkg_resources is deprecated as an API. See https://setuptools.pypa.io/en/latest/pkg_resources.html. The pkg_resources package is slated for removal as early as 2025-11-30. Refrain from using this package or pin to Setuptools<81.
  import pkg_resources

